从 src\MinsuXize.Web\Properties\launchSettings.json 使用启动设置...
正在生成...
info: Microsoft.EntityFrameworkCore.Database.Command[20101]
      Executed DbCommand (10ms) [Parameters=[], CommandType='Text', CommandTimeout='30']
      SELECT COUNT(*) FROM "sqlite_master" WHERE "type" = 'table' AND "rootpage" IS NOT NULL;
info: Microsoft.EntityFrameworkCore.Database.Command[20101]
      Executed DbCommand (3ms) [Parameters=[@entity_Id='?' (DbType = Int32)], CommandType='Text', CommandTimeout='30']
      SELECT "r"."Id", "r"."CulturalFocus", "r"."FullPath", "r"."HighlightsJson", "r"."Name", "r"."ParentId", "r"."Summary", "r"."Type"
      FROM "Regions" AS "r"
      WHERE "r"."Id" = @entity_Id
      LIMIT 1
info: Microsoft.EntityFrameworkCore.Database.Command[20101]
      Executed DbCommand (0ms) [Parameters=[@entity_Id='?' (DbType = Int32)], CommandType='Text', CommandTimeout='30']
      SELECT "r"."Id", "r"."CulturalFocus", "r"."FullPath", "r"."HighlightsJson", "r"."Name", "r"."ParentId", "r"."Summary", "r"."Type"
      FROM "Regions" AS "r"
      WHERE "r"."Id" = @entity_Id
      LIMIT 1
info: Microsoft.EntityFrameworkCore.Database.Command[20101]
      Executed DbCommand (0ms) [Parameters=[@entity_Id='?' (DbType = Int32)], CommandType='Text', CommandTimeout='30']
      SELECT "r"."Id", "r"."CulturalFocus", "r"."FullPath", "r"."HighlightsJson", "r"."Name", "r"."ParentId", "r"."Summary", "r"."Type"
      FROM "Regions" AS "r"
      WHERE "r"."Id" = @entity_Id
      LIMIT 1
info: Microsoft.EntityFrameworkCore.Database.Command[20101]
      Executed DbCommand (0ms) [Parameters=[@entity_Id='?' (DbType = Int32)], CommandType='Text', CommandTimeout='30']
      SELECT "r"."Id", "r"."CulturalFocus", "r"."FullPath", "r"."HighlightsJson", "r"."Name", "r"."ParentId", "r"."Summary", "r"."Type"
      FROM "Regions" AS "r"
      WHERE "r"."Id" = @entity_Id
      LIMIT 1
info: Microsoft.EntityFrameworkCore.Database.Command[20101]
      Executed DbCommand (0ms) [Parameters=[@entity_Id='?' (DbType = Int32)], CommandType='Text', CommandTimeout='30']
      SELECT "r"."Id", "r"."CulturalFocus", "r"."FullPath", "r"."HighlightsJson", "r"."Name", "r"."ParentId", "r"."Summary", "r"."Type"
      FROM "Regions" AS "r"
      WHERE "r"."Id" = @entity_Id
      LIMIT 1
info: Microsoft.EntityFrameworkCore.Database.Command[20101]
      Executed DbCommand (0ms) [Parameters=[@entity_Id='?' (DbType = Int32)], CommandType='Text', CommandTimeout='30']
      SELECT "r"."Id", "r"."CulturalFocus", "r"."FullPath", "r"."HighlightsJson", "r"."Name", "r"."ParentId", "r"."Summary", "r"."Type"
      FROM "Regions" AS "r"
      WHERE "r"."Id" = @entity_Id
      LIMIT 1
info: Microsoft.EntityFrameworkCore.Database.Command[20101]
      Executed DbCommand (0ms) [Parameters=[@entity_Id='?' (DbType = Int32)], CommandType='Text', CommandTimeout='30']
      SELECT "r"."Id", "r"."CulturalFocus", "r"."FullPath", "r"."HighlightsJson", "r"."Name", "r"."ParentId", "r"."Summary", "r"."Type"
      FROM "Regions" AS "r"
      WHERE "r"."Id" = @entity_Id
      LIMIT 1
info: Microsoft.EntityFrameworkCore.Database.Command[20101]
      Executed DbCommand (0ms) [Parameters=[@entity_Id='?' (DbType = Int32)], CommandType='Text', CommandTimeout='30']
      SELECT "f"."Id", "f"."Category", "f"."CoreTopicsJson", "f"."LunarLabel", "f"."Name", "f"."Summary"
      FROM "Festivals" AS "f"
      WHERE "f"."Id" = @entity_Id
      LIMIT 1
info: Microsoft.EntityFrameworkCore.Database.Command[20101]
      Executed DbCommand (0ms) [Parameters=[@entity_Id='?' (DbType = Int32)], CommandType='Text', CommandTimeout='30']
      SELECT "f"."Id", "f"."Category", "f"."CoreTopicsJson", "f"."LunarLabel", "f"."Name", "f"."Summary"
      FROM "Festivals" AS "f"
      WHERE "f"."Id" = @entity_Id
      LIMIT 1
info: Microsoft.EntityFrameworkCore.Database.Command[20101]
      Executed DbCommand (0ms) [Parameters=[@entity_Id='?' (DbType = Int32)], CommandType='Text', CommandTimeout='30']
      SELECT "f"."Id", "f"."Category", "f"."CoreTopicsJson", "f"."LunarLabel", "f"."Name", "f"."Summary"
      FROM "Festivals" AS "f"
      WHERE "f"."Id" = @entity_Id
      LIMIT 1
info: Microsoft.EntityFrameworkCore.Database.Command[20101]
      Executed DbCommand (0ms) [Parameters=[@entity_Id='?' (DbType = Int32)], CommandType='Text', CommandTimeout='30']
      SELECT "f"."Id", "f"."Category", "f"."CoreTopicsJson", "f"."LunarLabel", "f"."Name", "f"."Summary"
      FROM "Festivals" AS "f"
      WHERE "f"."Id" = @entity_Id
      LIMIT 1
info: Microsoft.EntityFrameworkCore.Database.Command[20101]
      Executed DbCommand (0ms) [Parameters=[@entity_Id='?' (DbType = Int32)], CommandType='Text', CommandTimeout='30']
      SELECT "f"."Id", "f"."Category", "f"."CoreTopicsJson", "f"."LunarLabel", "f"."Name", "f"."Summary"
      FROM "Festivals" AS "f"
      WHERE "f"."Id" = @entity_Id
      LIMIT 1
info: Microsoft.EntityFrameworkCore.Database.Command[20101]
      Executed DbCommand (0ms) [Parameters=[@entity_Id='?' (DbType = Int32)], CommandType='Text', CommandTimeout='30']
      SELECT "f"."Id", "f"."Category", "f"."CoreTopicsJson", "f"."LunarLabel", "f"."Name", "f"."Summary"
      FROM "Festivals" AS "f"
      WHERE "f"."Id" = @entity_Id
      LIMIT 1
info: Microsoft.EntityFrameworkCore.Database.Command[20101]
      Executed DbCommand (0ms) [Parameters=[@entity_Id='?' (DbType = Int32)], CommandType='Text', CommandTimeout='30']
      SELECT "f"."Id", "f"."Category", "f"."CoreTopicsJson", "f"."LunarLabel", "f"."Name", "f"."Summary"
      FROM "Festivals" AS "f"
      WHERE "f"."Id" = @entity_Id
      LIMIT 1
info: Microsoft.EntityFrameworkCore.Database.Command[20101]
      Executed DbCommand (0ms) [Parameters=[@entity_Id='?' (DbType = Int32)], CommandType='Text', CommandTimeout='30']
      SELECT "f"."Id", "f"."Category", "f"."CoreTopicsJson", "f"."LunarLabel", "f"."Name", "f"."Summary"
      FROM "Festivals" AS "f"
      WHERE "f"."Id" = @entity_Id
      LIMIT 1
info: Microsoft.EntityFrameworkCore.Database.Command[20101]
      Executed DbCommand (0ms) [Parameters=[@entity_Id='?' (DbType = Int32)], CommandType='Text', CommandTimeout='30']
      SELECT "f"."Id", "f"."Category", "f"."CoreTopicsJson", "f"."LunarLabel", "f"."Name", "f"."Summary"
      FROM "Festivals" AS "f"
      WHERE "f"."Id" = @entity_Id
      LIMIT 1
info: Microsoft.EntityFrameworkCore.Database.Command[20101]
      Executed DbCommand (0ms) [Parameters=[@entity_Id='?' (DbType = Int32)], CommandType='Text', CommandTimeout='30']
      SELECT "f"."Id", "f"."Category", "f"."CoreTopicsJson", "f"."LunarLabel", "f"."Name", "f"."Summary"
      FROM "Festivals" AS "f"
      WHERE "f"."Id" = @entity_Id
      LIMIT 1
info: Microsoft.EntityFrameworkCore.Database.Command[20101]
      Executed DbCommand (0ms) [Parameters=[@entity_Id='?' (DbType = Int32)], CommandType='Text', CommandTimeout='30']
      SELECT "f"."Id", "f"."Category", "f"."CoreTopicsJson", "f"."LunarLabel", "f"."Name", "f"."Summary"
      FROM "Festivals" AS "f"
      WHERE "f"."Id" = @entity_Id
      LIMIT 1
info: Microsoft.EntityFrameworkCore.Database.Command[20101]
      Executed DbCommand (0ms) [Parameters=[@entity_Id='?' (DbType = Int32)], CommandType='Text', CommandTimeout='30']
      SELECT "f"."Id", "f"."Category", "f"."CoreTopicsJson", "f"."LunarLabel", "f"."Name", "f"."Summary"
      FROM "Festivals" AS "f"
      WHERE "f"."Id" = @entity_Id
      LIMIT 1
info: Microsoft.EntityFrameworkCore.Database.Command[20101]
      Executed DbCommand (0ms) [Parameters=[@entity_Id='?' (DbType = Int32)], CommandType='Text', CommandTimeout='30']
      SELECT "f"."Id", "f"."Category", "f"."CoreTopicsJson", "f"."LunarLabel", "f"."Name", "f"."Summary"
      FROM "Festivals" AS "f"
      WHERE "f"."Id" = @entity_Id
      LIMIT 1
info: Microsoft.EntityFrameworkCore.Database.Command[20101]
      Executed DbCommand (0ms) [Parameters=[@entity_Id='?' (DbType = Int32)], CommandType='Text', CommandTimeout='30']
      SELECT "f"."Id", "f"."Category", "f"."CoreTopicsJson", "f"."LunarLabel", "f"."Name", "f"."Summary"
      FROM "Festivals" AS "f"
      WHERE "f"."Id" = @entity_Id
      LIMIT 1
info: Microsoft.EntityFrameworkCore.Database.Command[20101]
      Executed DbCommand (0ms) [Parameters=[@entity_Id='?' (DbType = Int32)], CommandType='Text', CommandTimeout='30']
      SELECT "f"."Id", "f"."Category", "f"."CoreTopicsJson", "f"."LunarLabel", "f"."Name", "f"."Summary"
      FROM "Festivals" AS "f"
      WHERE "f"."Id" = @entity_Id
      LIMIT 1
info: Microsoft.EntityFrameworkCore.Database.Command[20101]
      Executed DbCommand (0ms) [Parameters=[@entity_Id='?' (DbType = Int32)], CommandType='Text', CommandTimeout='30']
      SELECT "f"."Id", "f"."Category", "f"."CoreTopicsJson", "f"."LunarLabel", "f"."Name", "f"."Summary"
      FROM "Festivals" AS "f"
      WHERE "f"."Id" = @entity_Id
      LIMIT 1
info: Microsoft.EntityFrameworkCore.Database.Command[20101]
      Executed DbCommand (0ms) [Parameters=[@entity_Id='?' (DbType = Int32)], CommandType='Text', CommandTimeout='30']
      SELECT "f"."Id", "f"."Category", "f"."CoreTopicsJson", "f"."LunarLabel", "f"."Name", "f"."Summary"
      FROM "Festivals" AS "f"
      WHERE "f"."Id" = @entity_Id
      LIMIT 1
info: Microsoft.EntityFrameworkCore.Database.Command[20101]
      Executed DbCommand (0ms) [Parameters=[@entity_Id='?' (DbType = Int32)], CommandType='Text', CommandTimeout='30']
      SELECT "f"."Id", "f"."Category", "f"."CoreTopicsJson", "f"."LunarLabel", "f"."Name", "f"."Summary"
      FROM "Festivals" AS "f"
      WHERE "f"."Id" = @entity_Id
      LIMIT 1
info: Microsoft.EntityFrameworkCore.Database.Command[20101]
      Executed DbCommand (0ms) [Parameters=[@entity_Id='?' (DbType = Int32)], CommandType='Text', CommandTimeout='30']
      SELECT "f"."Id", "f"."Category", "f"."CoreTopicsJson", "f"."LunarLabel", "f"."Name", "f"."Summary"
      FROM "Festivals" AS "f"
      WHERE "f"."Id" = @entity_Id
      LIMIT 1
info: Microsoft.EntityFrameworkCore.Database.Command[20101]
      Executed DbCommand (0ms) [Parameters=[@entity_Id='?' (DbType = Int32)], CommandType='Text', CommandTimeout='30']
      SELECT "f"."Id", "f"."Category", "f"."CoreTopicsJson", "f"."LunarLabel", "f"."Name", "f"."Summary"
      FROM "Festivals" AS "f"
      WHERE "f"."Id" = @entity_Id
      LIMIT 1
info: Microsoft.EntityFrameworkCore.Database.Command[20101]
      Executed DbCommand (0ms) [Parameters=[@entity_Id='?' (DbType = Int32)], CommandType='Text', CommandTimeout='30']
      SELECT "f"."Id", "f"."Category", "f"."CoreTopicsJson", "f"."LunarLabel", "f"."Name", "f"."Summary"
      FROM "Festivals" AS "f"
      WHERE "f"."Id" = @entity_Id
      LIMIT 1
info: Microsoft.EntityFrameworkCore.Database.Command[20101]
      Executed DbCommand (0ms) [Parameters=[@entity_Id='?' (DbType = Int32)], CommandType='Text', CommandTimeout='30']
      SELECT "f"."Id", "f"."Category", "f"."CoreTopicsJson", "f"."LunarLabel", "f"."Name", "f"."Summary"
      FROM "Festivals" AS "f"
      WHERE "f"."Id" = @entity_Id
      LIMIT 1
info: Microsoft.EntityFrameworkCore.Database.Command[20101]
      Executed DbCommand (0ms) [Parameters=[@entity_Id='?' (DbType = Int32)], CommandType='Text', CommandTimeout='30']
      SELECT "f"."Id", "f"."Category", "f"."CoreTopicsJson", "f"."LunarLabel", "f"."Name", "f"."Summary"
      FROM "Festivals" AS "f"
      WHERE "f"."Id" = @entity_Id
      LIMIT 1
info: Microsoft.EntityFrameworkCore.Database.Command[20101]
      Executed DbCommand (0ms) [Parameters=[@entity_Id='?' (DbType = Int32)], CommandType='Text', CommandTimeout='30']
      SELECT "f"."Id", "f"."Category", "f"."CoreTopicsJson", "f"."LunarLabel", "f"."Name", "f"."Summary"
      FROM "Festivals" AS "f"
      WHERE "f"."Id" = @entity_Id
      LIMIT 1
info: Microsoft.EntityFrameworkCore.Database.Command[20101]
      Executed DbCommand (0ms) [Parameters=[@entity_Id='?' (DbType = Int32)], CommandType='Text', CommandTimeout='30']
      SELECT "f"."Id", "f"."Category", "f"."CoreTopicsJson", "f"."LunarLabel", "f"."Name", "f"."Summary"
      FROM "Festivals" AS "f"
      WHERE "f"."Id" = @entity_Id
      LIMIT 1
info: Microsoft.EntityFrameworkCore.Database.Command[20101]
      Executed DbCommand (0ms) [Parameters=[@entity_Id='?' (DbType = Int32)], CommandType='Text', CommandTimeout='30']
      SELECT "f"."Id", "f"."Category", "f"."CoreTopicsJson", "f"."LunarLabel", "f"."Name", "f"."Summary"
      FROM "Festivals" AS "f"
      WHERE "f"."Id" = @entity_Id
      LIMIT 1
info: Microsoft.EntityFrameworkCore.Database.Command[20101]
      Executed DbCommand (0ms) [Parameters=[@entity_Id='?' (DbType = Int32)], CommandType='Text', CommandTimeout='30']
      SELECT "f"."Id", "f"."Category", "f"."CoreTopicsJson", "f"."LunarLabel", "f"."Name", "f"."Summary"
      FROM "Festivals" AS "f"
      WHERE "f"."Id" = @entity_Id
      LIMIT 1
info: Microsoft.EntityFrameworkCore.Database.Command[20101]
      Executed DbCommand (0ms) [Parameters=[@entity_Id='?' (DbType = Int32)], CommandType='Text', CommandTimeout='30']
      SELECT "f"."Id", "f"."Category", "f"."CoreTopicsJson", "f"."LunarLabel", "f"."Name", "f"."Summary"
      FROM "Festivals" AS "f"
      WHERE "f"."Id" = @entity_Id
      LIMIT 1
info: Microsoft.EntityFrameworkCore.Database.Command[20101]
      Executed DbCommand (0ms) [Parameters=[@entity_Id='?' (DbType = Int32)], CommandType='Text', CommandTimeout='30']
      SELECT "f"."Id", "f"."Category", "f"."CoreTopicsJson", "f"."LunarLabel", "f"."Name", "f"."Summary"
      FROM "Festivals" AS "f"
      WHERE "f"."Id" = @entity_Id
      LIMIT 1
info: Microsoft.EntityFrameworkCore.Database.Command[20101]
      Executed DbCommand (0ms) [Parameters=[@entity_Id='?' (DbType = Int32)], CommandType='Text', CommandTimeout='30']
      SELECT "f"."Id", "f"."Category", "f"."CoreTopicsJson", "f"."LunarLabel", "f"."Name", "f"."Summary"
      FROM "Festivals" AS "f"
      WHERE "f"."Id" = @entity_Id
      LIMIT 1
info: Microsoft.EntityFrameworkCore.Database.Command[20101]
      Executed DbCommand (0ms) [Parameters=[@entity_Id='?' (DbType = Int32)], CommandType='Text', CommandTimeout='30']
      SELECT "f"."Id", "f"."Category", "f"."CoreTopicsJson", "f"."LunarLabel", "f"."Name", "f"."Summary"
      FROM "Festivals" AS "f"
      WHERE "f"."Id" = @entity_Id
      LIMIT 1
info: Microsoft.EntityFrameworkCore.Database.Command[20101]
      Executed DbCommand (0ms) [Parameters=[@entity_Id='?' (DbType = Int32)], CommandType='Text', CommandTimeout='30']
      SELECT "f"."Id", "f"."Category", "f"."CoreTopicsJson", "f"."LunarLabel", "f"."Name", "f"."Summary"
      FROM "Festivals" AS "f"
      WHERE "f"."Id" = @entity_Id
      LIMIT 1
info: Microsoft.EntityFrameworkCore.Database.Command[20101]
      Executed DbCommand (0ms) [Parameters=[@entity_Id='?' (DbType = Int32)], CommandType='Text', CommandTimeout='30']
      SELECT "f"."Id", "f"."Category", "f"."CoreTopicsJson", "f"."LunarLabel", "f"."Name", "f"."Summary"
      FROM "Festivals" AS "f"
      WHERE "f"."Id" = @entity_Id
      LIMIT 1
info: Microsoft.EntityFrameworkCore.Database.Command[20101]
      Executed DbCommand (0ms) [Parameters=[@entity_Id='?' (DbType = Int32)], CommandType='Text', CommandTimeout='30']
      SELECT "f"."Id", "f"."Category", "f"."CoreTopicsJson", "f"."LunarLabel", "f"."Name", "f"."Summary"
      FROM "Festivals" AS "f"
      WHERE "f"."Id" = @entity_Id
      LIMIT 1
info: Microsoft.EntityFrameworkCore.Database.Command[20101]
      Executed DbCommand (0ms) [Parameters=[@entity_Id='?' (DbType = Int32)], CommandType='Text', CommandTimeout='30']
      SELECT "f"."Id", "f"."Category", "f"."CoreTopicsJson", "f"."LunarLabel", "f"."Name", "f"."Summary"
      FROM "Festivals" AS "f"
      WHERE "f"."Id" = @entity_Id
      LIMIT 1
info: Microsoft.EntityFrameworkCore.Database.Command[20101]
      Executed DbCommand (0ms) [Parameters=[@entity_Id='?' (DbType = Int32)], CommandType='Text', CommandTimeout='30']
      SELECT "f"."Id", "f"."Category", "f"."CoreTopicsJson", "f"."LunarLabel", "f"."Name", "f"."Summary"
      FROM "Festivals" AS "f"
      WHERE "f"."Id" = @entity_Id
      LIMIT 1
info: Microsoft.EntityFrameworkCore.Database.Command[20101]
      Executed DbCommand (0ms) [Parameters=[@entity_Id='?' (DbType = Int32)], CommandType='Text', CommandTimeout='30']
      SELECT "f"."Id", "f"."Category", "f"."CoreTopicsJson", "f"."LunarLabel", "f"."Name", "f"."Summary"
      FROM "Festivals" AS "f"
      WHERE "f"."Id" = @entity_Id
      LIMIT 1
info: Microsoft.EntityFrameworkCore.Database.Command[20101]
      Executed DbCommand (0ms) [Parameters=[@entity_Id='?' (DbType = Int32)], CommandType='Text', CommandTimeout='30']
      SELECT "f"."Id", "f"."Category", "f"."CoreTopicsJson", "f"."LunarLabel", "f"."Name", "f"."Summary"
      FROM "Festivals" AS "f"
      WHERE "f"."Id" = @entity_Id
      LIMIT 1
info: Microsoft.EntityFrameworkCore.Database.Command[20101]
      Executed DbCommand (0ms) [Parameters=[@entity_Id='?' (DbType = Int32)], CommandType='Text', CommandTimeout='30']
      SELECT "f"."Id", "f"."Category", "f"."CoreTopicsJson", "f"."LunarLabel", "f"."Name", "f"."Summary"
      FROM "Festivals" AS "f"
      WHERE "f"."Id" = @entity_Id
      LIMIT 1
info: Microsoft.EntityFrameworkCore.Database.Command[20101]
      Executed DbCommand (0ms) [Parameters=[@entity_Id='?' (DbType = Int32)], CommandType='Text', CommandTimeout='30']
      SELECT "f"."Id", "f"."Category", "f"."CoreTopicsJson", "f"."LunarLabel", "f"."Name", "f"."Summary"
      FROM "Festivals" AS "f"
      WHERE "f"."Id" = @entity_Id
      LIMIT 1
info: Microsoft.EntityFrameworkCore.Database.Command[20101]
      Executed DbCommand (0ms) [Parameters=[@entity_Id='?' (DbType = Int32)], CommandType='Text', CommandTimeout='30']
      SELECT "f"."Id", "f"."Category", "f"."CoreTopicsJson", "f"."LunarLabel", "f"."Name", "f"."Summary"
      FROM "Festivals" AS "f"
      WHERE "f"."Id" = @entity_Id
      LIMIT 1
info: Microsoft.EntityFrameworkCore.Database.Command[20101]
      Executed DbCommand (0ms) [Parameters=[@entity_Id='?' (DbType = Int32)], CommandType='Text', CommandTimeout='30']
      SELECT "f"."Id", "f"."Category", "f"."CoreTopicsJson", "f"."LunarLabel", "f"."Name", "f"."Summary"
      FROM "Festivals" AS "f"
      WHERE "f"."Id" = @entity_Id
      LIMIT 1
info: Microsoft.EntityFrameworkCore.Database.Command[20101]
      Executed DbCommand (0ms) [Parameters=[@entity_Id='?' (DbType = Int32)], CommandType='Text', CommandTimeout='30']
      SELECT "f"."Id", "f"."Category", "f"."CoreTopicsJson", "f"."LunarLabel", "f"."Name", "f"."Summary"
      FROM "Festivals" AS "f"
      WHERE "f"."Id" = @entity_Id
      LIMIT 1
info: Microsoft.EntityFrameworkCore.Database.Command[20101]
      Executed DbCommand (0ms) [Parameters=[@entity_Id='?' (DbType = Int32)], CommandType='Text', CommandTimeout='30']
      SELECT "f"."Id", "f"."Category", "f"."CoreTopicsJson", "f"."LunarLabel", "f"."Name", "f"."Summary"
      FROM "Festivals" AS "f"
      WHERE "f"."Id" = @entity_Id
      LIMIT 1
info: Microsoft.EntityFrameworkCore.Database.Command[20101]
      Executed DbCommand (0ms) [Parameters=[@entity_Id='?' (DbType = Int32)], CommandType='Text', CommandTimeout='30']
      SELECT "f"."Id", "f"."Category", "f"."CoreTopicsJson", "f"."LunarLabel", "f"."Name", "f"."Summary"
      FROM "Festivals" AS "f"
      WHERE "f"."Id" = @entity_Id
      LIMIT 1
info: Microsoft.EntityFrameworkCore.Database.Command[20101]
      Executed DbCommand (0ms) [Parameters=[@entity_Id='?' (DbType = Int32)], CommandType='Text', CommandTimeout='30']
      SELECT "f"."Id", "f"."Category", "f"."CoreTopicsJson", "f"."LunarLabel", "f"."Name", "f"."Summary"
      FROM "Festivals" AS "f"
      WHERE "f"."Id" = @entity_Id
      LIMIT 1
info: Microsoft.EntityFrameworkCore.Database.Command[20101]
      Executed DbCommand (0ms) [Parameters=[@entity_Id='?' (DbType = Int32)], CommandType='Text', CommandTimeout='30']
      SELECT "f"."Id", "f"."Category", "f"."CoreTopicsJson", "f"."LunarLabel", "f"."Name", "f"."Summary"
      FROM "Festivals" AS "f"
      WHERE "f"."Id" = @entity_Id
      LIMIT 1
info: Microsoft.EntityFrameworkCore.Database.Command[20101]
      Executed DbCommand (0ms) [Parameters=[@entity_Id='?' (DbType = Int32)], CommandType='Text', CommandTimeout='30']
      SELECT "e"."Id", "e"."AudiosJson", "e"."ChangeLog", "e"."ChangeNotes", "e"."CreatedAt", "e"."CreatedBy", "e"."FestivalId", "e"."HistoricalOrigin", "e"."ImagesJson", "e"."InheritanceStatus", "e"."ItemsUsedJson", "e"."LocationJson", "e"."OralText", "e"."ParticipantsJson", "e"."RegionId", "e"."RitualProcessJson", "e"."Status", "e"."Summary", "e"."SymbolicMeaning", "e"."TaboosJson", "e"."Title", "e"."UpdatedAt", "e"."Version", "e"."VideosJson"
      FROM "Entries" AS "e"
      WHERE "e"."Id" = @entity_Id
      LIMIT 1
info: Microsoft.EntityFrameworkCore.Database.Command[20101]
      Executed DbCommand (0ms) [Parameters=[@entity_Id='?' (DbType = Int32)], CommandType='Text', CommandTimeout='30']
      SELECT "e"."Id", "e"."AudiosJson", "e"."ChangeLog", "e"."ChangeNotes", "e"."CreatedAt", "e"."CreatedBy", "e"."FestivalId", "e"."HistoricalOrigin", "e"."ImagesJson", "e"."InheritanceStatus", "e"."ItemsUsedJson", "e"."LocationJson", "e"."OralText", "e"."ParticipantsJson", "e"."RegionId", "e"."RitualProcessJson", "e"."Status", "e"."Summary", "e"."SymbolicMeaning", "e"."TaboosJson", "e"."Title", "e"."UpdatedAt", "e"."Version", "e"."VideosJson"
      FROM "Entries" AS "e"
      WHERE "e"."Id" = @entity_Id
      LIMIT 1
info: Microsoft.EntityFrameworkCore.Database.Command[20101]
      Executed DbCommand (0ms) [Parameters=[@entity_Id='?' (DbType = Int32)], CommandType='Text', CommandTimeout='30']
      SELECT "e"."Id", "e"."AudiosJson", "e"."ChangeLog", "e"."ChangeNotes", "e"."CreatedAt", "e"."CreatedBy", "e"."FestivalId", "e"."HistoricalOrigin", "e"."ImagesJson", "e"."InheritanceStatus", "e"."ItemsUsedJson", "e"."LocationJson", "e"."OralText", "e"."ParticipantsJson", "e"."RegionId", "e"."RitualProcessJson", "e"."Status", "e"."Summary", "e"."SymbolicMeaning", "e"."TaboosJson", "e"."Title", "e"."UpdatedAt", "e"."Version", "e"."VideosJson"
      FROM "Entries" AS "e"
      WHERE "e"."Id" = @entity_Id
      LIMIT 1
info: Microsoft.EntityFrameworkCore.Database.Command[20101]
      Executed DbCommand (0ms) [Parameters=[@entity_Id='?' (DbType = Int32)], CommandType='Text', CommandTimeout='30']
      SELECT "s"."Id", "s"."Citation", "s"."Contributor", "s"."Notes", "s"."RecordedAt", "s"."SourceType", "s"."Title", "s"."Url"
      FROM "Sources" AS "s"
      WHERE "s"."Id" = @entity_Id
      LIMIT 1
info: Microsoft.EntityFrameworkCore.Database.Command[20101]
      Executed DbCommand (0ms) [Parameters=[@entity_Id='?' (DbType = Int32)], CommandType='Text', CommandTimeout='30']
      SELECT "s"."Id", "s"."Citation", "s"."Contributor", "s"."Notes", "s"."RecordedAt", "s"."SourceType", "s"."Title", "s"."Url"
      FROM "Sources" AS "s"
      WHERE "s"."Id" = @entity_Id
      LIMIT 1
info: Microsoft.EntityFrameworkCore.Database.Command[20101]
      Executed DbCommand (0ms) [Parameters=[@entity_Id='?' (DbType = Int32)], CommandType='Text', CommandTimeout='30']
      SELECT "s"."Id", "s"."Citation", "s"."Contributor", "s"."Notes", "s"."RecordedAt", "s"."SourceType", "s"."Title", "s"."Url"
      FROM "Sources" AS "s"
      WHERE "s"."Id" = @entity_Id
      LIMIT 1
info: Microsoft.EntityFrameworkCore.Database.Command[20101]
      Executed DbCommand (0ms) [Parameters=[@entity_Id='?' (DbType = Int32)], CommandType='Text', CommandTimeout='30']
      SELECT "e"."Id", "e"."EntryId", "e"."SourceId"
      FROM "EntrySources" AS "e"
      WHERE "e"."Id" = @entity_Id
      LIMIT 1
info: Microsoft.EntityFrameworkCore.Database.Command[20101]
      Executed DbCommand (0ms) [Parameters=[@entity_Id='?' (DbType = Int32)], CommandType='Text', CommandTimeout='30']
      SELECT "e"."Id", "e"."EntryId", "e"."SourceId"
      FROM "EntrySources" AS "e"
      WHERE "e"."Id" = @entity_Id
      LIMIT 1
info: Microsoft.EntityFrameworkCore.Database.Command[20101]
      Executed DbCommand (0ms) [Parameters=[@entity_Id='?' (DbType = Int32)], CommandType='Text', CommandTimeout='30']
      SELECT "e"."Id", "e"."EntryId", "e"."SourceId"
      FROM "EntrySources" AS "e"
      WHERE "e"."Id" = @entity_Id
      LIMIT 1
info: Microsoft.EntityFrameworkCore.Database.Command[20101]
      Executed DbCommand (0ms) [Parameters=[@entity_Id='?' (DbType = Int32)], CommandType='Text', CommandTimeout='30']
      SELECT "s"."Id", "s"."Audios", "s"."AudiosJson", "s"."ChangeLog", "s"."Contact", "s"."ContributorName", "s"."CreatedAt", "s"."CreatedBy", "s"."FestivalId", "s"."Images", "s"."ImagesJson", "s"."LocationJson", "s"."RegionId", "s"."ReviewerNote", "s"."SourceSummary", "s"."Status", "s"."SubmittedAtUtc", "s"."Summary", "s"."Title", "s"."UpdatedAt", "s"."Version", "s"."Videos", "s"."VideosJson"
      FROM "Submissions" AS "s"
      WHERE "s"."Id" = @entity_Id
      LIMIT 1
info: Microsoft.EntityFrameworkCore.Database.Command[20101]
      Executed DbCommand (0ms) [Parameters=[@entity_Id='?' (DbType = Int32)], CommandType='Text', CommandTimeout='30']
      SELECT "s"."Id", "s"."Audios", "s"."AudiosJson", "s"."ChangeLog", "s"."Contact", "s"."ContributorName", "s"."CreatedAt", "s"."CreatedBy", "s"."FestivalId", "s"."Images", "s"."ImagesJson", "s"."LocationJson", "s"."RegionId", "s"."ReviewerNote", "s"."SourceSummary", "s"."Status", "s"."SubmittedAtUtc", "s"."Summary", "s"."Title", "s"."UpdatedAt", "s"."Version", "s"."Videos", "s"."VideosJson"
      FROM "Submissions" AS "s"
      WHERE "s"."Id" = @entity_Id
      LIMIT 1
info: Microsoft.EntityFrameworkCore.Database.Command[20101]
      Executed DbCommand (2ms) [Parameters=[@p1='?' (DbType = Int32), @p0='?' (DbType = DateTime)], CommandType='Text', CommandTimeout='30']
      UPDATE "Submissions" SET "SubmittedAtUtc" = @p0
      WHERE "Id" = @p1
      RETURNING 1;
info: Microsoft.EntityFrameworkCore.Database.Command[20101]
      Executed DbCommand (0ms) [Parameters=[@p1='?' (DbType = Int32), @p0='?' (DbType = DateTime)], CommandType='Text', CommandTimeout='30']
      UPDATE "Submissions" SET "SubmittedAtUtc" = @p0
      WHERE "Id" = @p1
      RETURNING 1;
info: Microsoft.Hosting.Lifetime[14]
      Now listening on: http://localhost:5088
info: Microsoft.Hosting.Lifetime[0]
      Application started. Press Ctrl+C to shut down.
info: Microsoft.Hosting.Lifetime[0]
      Hosting environment: Development
info: Microsoft.Hosting.Lifetime[0]
      Content root path: D:\DeskTop\minsuxize\src\MinsuXize.Web
warn: Microsoft.AspNetCore.HttpsPolicy.HttpsRedirectionMiddleware[3]
      Failed to determine the https port for redirect.
info: Microsoft.EntityFrameworkCore.Database.Command[20101]
      Executed DbCommand (0ms) [Parameters=[], CommandType='Text', CommandTimeout='30']
      SELECT "r"."Id", "r"."CulturalFocus", "r"."FullPath", "r"."HighlightsJson", "r"."Name", "r"."ParentId", "r"."Summary", "r"."Type"
      FROM "Regions" AS "r"
      ORDER BY "r"."Id"
info: Microsoft.EntityFrameworkCore.Database.Command[20101]
      Executed DbCommand (0ms) [Parameters=[], CommandType='Text', CommandTimeout='30']
      SELECT "f"."Id", "f"."Category", "f"."CoreTopicsJson", "f"."LunarLabel", "f"."Name", "f"."Summary"
      FROM "Festivals" AS "f"
      ORDER BY "f"."Id"
info: Microsoft.EntityFrameworkCore.Database.Command[20101]
      Executed DbCommand (0ms) [Parameters=[], CommandType='Text', CommandTimeout='30']
      SELECT "e"."Id", "e"."AudiosJson", "e"."ChangeLog", "e"."ChangeNotes", "e"."CreatedAt", "e"."CreatedBy", "e"."FestivalId", "e"."HistoricalOrigin", "e"."ImagesJson", "e"."InheritanceStatus", "e"."ItemsUsedJson", "e"."LocationJson", "e"."OralText", "e"."ParticipantsJson", "e"."RegionId", "e"."RitualProcessJson", "e"."Status", "e"."Summary", "e"."SymbolicMeaning", "e"."TaboosJson", "e"."Title", "e"."UpdatedAt", "e"."Version", "e"."VideosJson"
      FROM "Entries" AS "e"
      ORDER BY "e"."Id"
info: Microsoft.EntityFrameworkCore.Database.Command[20101]
      Executed DbCommand (0ms) [Parameters=[@entity_Id='?' (DbType = Int32)], CommandType='Text', CommandTimeout='30']
      SELECT "e"."SourceId"
      FROM "EntrySources" AS "e"
      WHERE "e"."EntryId" = @entity_Id
      ORDER BY "e"."Id"
info: Microsoft.EntityFrameworkCore.Database.Command[20101]
      Executed DbCommand (0ms) [Parameters=[@entity_Id='?' (DbType = Int32)], CommandType='Text', CommandTimeout='30']
      SELECT "e"."SourceId"
      FROM "EntrySources" AS "e"
      WHERE "e"."EntryId" = @entity_Id
      ORDER BY "e"."Id"
info: Microsoft.EntityFrameworkCore.Database.Command[20101]
      Executed DbCommand (0ms) [Parameters=[@entity_Id='?' (DbType = Int32)], CommandType='Text', CommandTimeout='30']
      SELECT "e"."SourceId"
      FROM "EntrySources" AS "e"
      WHERE "e"."EntryId" = @entity_Id
      ORDER BY "e"."Id"
info: Microsoft.EntityFrameworkCore.Database.Command[20101]
      Executed DbCommand (0ms) [Parameters=[@id='?' (DbType = Int32)], CommandType='Text', CommandTimeout='30']
      SELECT "f"."Id", "f"."Category", "f"."CoreTopicsJson", "f"."LunarLabel", "f"."Name", "f"."Summary"
      FROM "Festivals" AS "f"
      WHERE "f"."Id" = @id
      LIMIT 1
info: Microsoft.EntityFrameworkCore.Database.Command[20101]
      Executed DbCommand (0ms) [Parameters=[@festivalId='?' (DbType = Int32)], CommandType='Text', CommandTimeout='30']
      SELECT "e"."Id", "e"."AudiosJson", "e"."ChangeLog", "e"."ChangeNotes", "e"."CreatedAt", "e"."CreatedBy", "e"."FestivalId", "e"."HistoricalOrigin", "e"."ImagesJson", "e"."InheritanceStatus", "e"."ItemsUsedJson", "e"."LocationJson", "e"."OralText", "e"."ParticipantsJson", "e"."RegionId", "e"."RitualProcessJson", "e"."Status", "e"."Summary", "e"."SymbolicMeaning", "e"."TaboosJson", "e"."Title", "e"."UpdatedAt", "e"."Version", "e"."VideosJson"
      FROM "Entries" AS "e"
      WHERE "e"."FestivalId" = @festivalId
      ORDER BY "e"."Title"
info: Microsoft.EntityFrameworkCore.Database.Command[20101]
      Executed DbCommand (0ms) [Parameters=[@entity_Id='?' (DbType = Int32)], CommandType='Text', CommandTimeout='30']
      SELECT "e"."SourceId"
      FROM "EntrySources" AS "e"
      WHERE "e"."EntryId" = @entity_Id
      ORDER BY "e"."Id"
info: Microsoft.EntityFrameworkCore.Database.Command[20101]
      Executed DbCommand (0ms) [Parameters=[], CommandType='Text', CommandTimeout='30']
      SELECT "r"."Id", "r"."CulturalFocus", "r"."FullPath", "r"."HighlightsJson", "r"."Name", "r"."ParentId", "r"."Summary", "r"."Type"
      FROM "Regions" AS "r"
      ORDER BY "r"."Id"
info: Microsoft.EntityFrameworkCore.Database.Command[20101]
      Executed DbCommand (0ms) [Parameters=[], CommandType='Text', CommandTimeout='30']
      SELECT "f"."Id", "f"."Category", "f"."CoreTopicsJson", "f"."LunarLabel", "f"."Name", "f"."Summary"
      FROM "Festivals" AS "f"
      ORDER BY "f"."Id"
info: Microsoft.EntityFrameworkCore.Database.Command[20101]
      Executed DbCommand (0ms) [Parameters=[], CommandType='Text', CommandTimeout='30']
      SELECT "e"."Id", "e"."AudiosJson", "e"."ChangeLog", "e"."ChangeNotes", "e"."CreatedAt", "e"."CreatedBy", "e"."FestivalId", "e"."HistoricalOrigin", "e"."ImagesJson", "e"."InheritanceStatus", "e"."ItemsUsedJson", "e"."LocationJson", "e"."OralText", "e"."ParticipantsJson", "e"."RegionId", "e"."RitualProcessJson", "e"."Status", "e"."Summary", "e"."SymbolicMeaning", "e"."TaboosJson", "e"."Title", "e"."UpdatedAt", "e"."Version", "e"."VideosJson"
      FROM "Entries" AS "e"
      ORDER BY "e"."Id"
info: Microsoft.EntityFrameworkCore.Database.Command[20101]
      Executed DbCommand (0ms) [Parameters=[@entity_Id='?' (DbType = Int32)], CommandType='Text', CommandTimeout='30']
      SELECT "e"."SourceId"
      FROM "EntrySources" AS "e"
      WHERE "e"."EntryId" = @entity_Id
      ORDER BY "e"."Id"
info: Microsoft.EntityFrameworkCore.Database.Command[20101]
      Executed DbCommand (0ms) [Parameters=[@entity_Id='?' (DbType = Int32)], CommandType='Text', CommandTimeout='30']
      SELECT "e"."SourceId"
      FROM "EntrySources" AS "e"
      WHERE "e"."EntryId" = @entity_Id
      ORDER BY "e"."Id"
info: Microsoft.EntityFrameworkCore.Database.Command[20101]
      Executed DbCommand (0ms) [Parameters=[@entity_Id='?' (DbType = Int32)], CommandType='Text', CommandTimeout='30']
      SELECT "e"."SourceId"
      FROM "EntrySources" AS "e"
      WHERE "e"."EntryId" = @entity_Id
      ORDER BY "e"."Id"
info: Microsoft.EntityFrameworkCore.Database.Command[20101]
      Executed DbCommand (0ms) [Parameters=[@id='?' (DbType = Int32)], CommandType='Text', CommandTimeout='30']
      SELECT "e"."Id", "e"."AudiosJson", "e"."ChangeLog", "e"."ChangeNotes", "e"."CreatedAt", "e"."CreatedBy", "e"."FestivalId", "e"."HistoricalOrigin", "e"."ImagesJson", "e"."InheritanceStatus", "e"."ItemsUsedJson", "e"."LocationJson", "e"."OralText", "e"."ParticipantsJson", "e"."RegionId", "e"."RitualProcessJson", "e"."Status", "e"."Summary", "e"."SymbolicMeaning", "e"."TaboosJson", "e"."Title", "e"."UpdatedAt", "e"."Version", "e"."VideosJson"
      FROM "Entries" AS "e"
      WHERE "e"."Id" = @id
      LIMIT 1
info: Microsoft.EntityFrameworkCore.Database.Command[20101]
      Executed DbCommand (0ms) [Parameters=[@id='?' (DbType = Int32)], CommandType='Text', CommandTimeout='30']
      SELECT "e"."SourceId"
      FROM "EntrySources" AS "e"
      WHERE "e"."EntryId" = @id
      ORDER BY "e"."Id"
info: Microsoft.EntityFrameworkCore.Database.Command[20101]
      Executed DbCommand (0ms) [Parameters=[@id='?' (DbType = Int32)], CommandType='Text', CommandTimeout='30']
      SELECT "r"."Id", "r"."CulturalFocus", "r"."FullPath", "r"."HighlightsJson", "r"."Name", "r"."ParentId", "r"."Summary", "r"."Type"
      FROM "Regions" AS "r"
      WHERE "r"."Id" = @id
      LIMIT 1
info: Microsoft.EntityFrameworkCore.Database.Command[20101]
      Executed DbCommand (0ms) [Parameters=[@id='?' (DbType = Int32)], CommandType='Text', CommandTimeout='30']
      SELECT "f"."Id", "f"."Category", "f"."CoreTopicsJson", "f"."LunarLabel", "f"."Name", "f"."Summary"
      FROM "Festivals" AS "f"
      WHERE "f"."Id" = @id
      LIMIT 1
info: Microsoft.EntityFrameworkCore.Database.Command[20101]
      Executed DbCommand (0ms) [Parameters=[@entryId='?' (DbType = Int32)], CommandType='Text', CommandTimeout='30']
      SELECT "e"."SourceId"
      FROM "EntrySources" AS "e"
      WHERE "e"."EntryId" = @entryId
info: Microsoft.EntityFrameworkCore.Database.Command[20101]
      Executed DbCommand (0ms) [Parameters=[@sourceIds1='?' (DbType = Int32)], CommandType='Text', CommandTimeout='30']
      SELECT "s"."Id", "s"."Citation", "s"."Contributor", "s"."Notes", "s"."RecordedAt", "s"."SourceType", "s"."Title", "s"."Url"
      FROM "Sources" AS "s"
      WHERE "s"."Id" = @sourceIds1
      ORDER BY "s"."Id"
info: Microsoft.EntityFrameworkCore.Database.Command[20101]
      Executed DbCommand (0ms) [Parameters=[], CommandType='Text', CommandTimeout='30']
      SELECT "r"."Id", "r"."CulturalFocus", "r"."FullPath", "r"."HighlightsJson", "r"."Name", "r"."ParentId", "r"."Summary", "r"."Type"
      FROM "Regions" AS "r"
      ORDER BY "r"."Id"
info: Microsoft.EntityFrameworkCore.Database.Command[20101]
      Executed DbCommand (0ms) [Parameters=[], CommandType='Text', CommandTimeout='30']
      SELECT "f"."Id", "f"."Category", "f"."CoreTopicsJson", "f"."LunarLabel", "f"."Name", "f"."Summary"
      FROM "Festivals" AS "f"
      ORDER BY "f"."Id"
info: Microsoft.EntityFrameworkCore.Database.Command[20101]
      Executed DbCommand (0ms) [Parameters=[], CommandType='Text', CommandTimeout='30']
      SELECT "e"."Id", "e"."AudiosJson", "e"."ChangeLog", "e"."ChangeNotes", "e"."CreatedAt", "e"."CreatedBy", "e"."FestivalId", "e"."HistoricalOrigin", "e"."ImagesJson", "e"."InheritanceStatus", "e"."ItemsUsedJson", "e"."LocationJson", "e"."OralText", "e"."ParticipantsJson", "e"."RegionId", "e"."RitualProcessJson", "e"."Status", "e"."Summary", "e"."SymbolicMeaning", "e"."TaboosJson", "e"."Title", "e"."UpdatedAt", "e"."Version", "e"."VideosJson"
      FROM "Entries" AS "e"
      ORDER BY "e"."Id"
info: Microsoft.EntityFrameworkCore.Database.Command[20101]
      Executed DbCommand (0ms) [Parameters=[@entity_Id='?' (DbType = Int32)], CommandType='Text', CommandTimeout='30']
      SELECT "e"."SourceId"
      FROM "EntrySources" AS "e"
      WHERE "e"."EntryId" = @entity_Id
      ORDER BY "e"."Id"
info: Microsoft.EntityFrameworkCore.Database.Command[20101]
      Executed DbCommand (0ms) [Parameters=[@entity_Id='?' (DbType = Int32)], CommandType='Text', CommandTimeout='30']
      SELECT "e"."SourceId"
      FROM "EntrySources" AS "e"
      WHERE "e"."EntryId" = @entity_Id
      ORDER BY "e"."Id"
info: Microsoft.EntityFrameworkCore.Database.Command[20101]
      Executed DbCommand (0ms) [Parameters=[@entity_Id='?' (DbType = Int32)], CommandType='Text', CommandTimeout='30']
      SELECT "e"."SourceId"
      FROM "EntrySources" AS "e"
      WHERE "e"."EntryId" = @entity_Id
      ORDER BY "e"."Id"
info: Microsoft.EntityFrameworkCore.Database.Command[20101]
      Executed DbCommand (0ms) [Parameters=[], CommandType='Text', CommandTimeout='30']
      SELECT "r"."Id", "r"."CulturalFocus", "r"."FullPath", "r"."HighlightsJson", "r"."Name", "r"."ParentId", "r"."Summary", "r"."Type"
      FROM "Regions" AS "r"
      ORDER BY "r"."Id"
info: Microsoft.EntityFrameworkCore.Database.Command[20101]
      Executed DbCommand (0ms) [Parameters=[@id='?' (DbType = Int32)], CommandType='Text', CommandTimeout='30']
      SELECT "e"."Id", "e"."AudiosJson", "e"."ChangeLog", "e"."ChangeNotes", "e"."CreatedAt", "e"."CreatedBy", "e"."FestivalId", "e"."HistoricalOrigin", "e"."ImagesJson", "e"."InheritanceStatus", "e"."ItemsUsedJson", "e"."LocationJson", "e"."OralText", "e"."ParticipantsJson", "e"."RegionId", "e"."RitualProcessJson", "e"."Status", "e"."Summary", "e"."SymbolicMeaning", "e"."TaboosJson", "e"."Title", "e"."UpdatedAt", "e"."Version", "e"."VideosJson"
      FROM "Entries" AS "e"
      WHERE "e"."Id" = @id
      LIMIT 1
info: Microsoft.EntityFrameworkCore.Database.Command[20101]
      Executed DbCommand (0ms) [Parameters=[@id='?' (DbType = Int32)], CommandType='Text', CommandTimeout='30']
      SELECT "e"."SourceId"
      FROM "EntrySources" AS "e"
      WHERE "e"."EntryId" = @id
      ORDER BY "e"."Id"
info: Microsoft.EntityFrameworkCore.Database.Command[20101]
      Executed DbCommand (0ms) [Parameters=[@id='?' (DbType = Int32)], CommandType='Text', CommandTimeout='30']
      SELECT "r"."Id", "r"."CulturalFocus", "r"."FullPath", "r"."HighlightsJson", "r"."Name", "r"."ParentId", "r"."Summary", "r"."Type"
      FROM "Regions" AS "r"
      WHERE "r"."Id" = @id
      LIMIT 1
info: Microsoft.EntityFrameworkCore.Database.Command[20101]
      Executed DbCommand (0ms) [Parameters=[@id='?' (DbType = Int32)], CommandType='Text', CommandTimeout='30']
      SELECT "f"."Id", "f"."Category", "f"."CoreTopicsJson", "f"."LunarLabel", "f"."Name", "f"."Summary"
      FROM "Festivals" AS "f"
      WHERE "f"."Id" = @id
      LIMIT 1
info: Microsoft.EntityFrameworkCore.Database.Command[20101]
      Executed DbCommand (0ms) [Parameters=[@entryId='?' (DbType = Int32)], CommandType='Text', CommandTimeout='30']
      SELECT "e"."SourceId"
      FROM "EntrySources" AS "e"
      WHERE "e"."EntryId" = @entryId
info: Microsoft.EntityFrameworkCore.Database.Command[20101]
      Executed DbCommand (0ms) [Parameters=[@sourceIds1='?' (DbType = Int32)], CommandType='Text', CommandTimeout='30']
      SELECT "s"."Id", "s"."Citation", "s"."Contributor", "s"."Notes", "s"."RecordedAt", "s"."SourceType", "s"."Title", "s"."Url"
      FROM "Sources" AS "s"
      WHERE "s"."Id" = @sourceIds1
      ORDER BY "s"."Id"
